/share/apps/pytorch/0.3.0_4/python3.6/lib/python3.6/site-packages/torch/nn/functional.py:1168: UserWarning: Using a target size (torch.Size([128])) that is different to the input size (torch.Size([128, 1])) is deprecated. Please ensure they have the same size.
  "Please ensure they have the same size.".format(target.size(), input.size()))
/share/apps/pytorch/0.3.0_4/python3.6/lib/python3.6/site-packages/torch/nn/functional.py:1168: UserWarning: Using a target size (torch.Size([96])) that is different to the input size (torch.Size([96, 1])) is deprecated. Please ensure they have the same size.
  "Please ensure they have the same size.".format(target.size(), input.size()))
Downloading http://yann.lecun.com/exdb/mnist/train-images-idx3-ubyte.gz
Downloading http://yann.lecun.com/exdb/mnist/train-labels-idx1-ubyte.gz
Downloading http://yann.lecun.com/exdb/mnist/t10k-images-idx3-ubyte.gz
Downloading http://yann.lecun.com/exdb/mnist/t10k-labels-idx1-ubyte.gz
Processing...
Done!
Epoch [0/100], d_loss: 0.172461, g_loss: 3.232473 D real: 0.958430, D fake: 0.119256
Epoch [0/100], d_loss: 0.065725, g_loss: 4.520654 D real: 0.978215, D fake: 0.041586
Epoch [0/100], d_loss: 0.244702, g_loss: 4.963472 D real: 0.945765, D fake: 0.146611
Epoch [0/100], d_loss: 0.034955, g_loss: 5.596365 D real: 0.999745, D fake: 0.033397
Epoch [1/100], d_loss: 0.243721, g_loss: 4.560345 D real: 0.872125, D fake: 0.029284
Epoch [1/100], d_loss: 0.052486, g_loss: 7.235567 D real: 0.987656, D fake: 0.032510
Epoch [1/100], d_loss: 0.098117, g_loss: 7.321568 D real: 0.956086, D fake: 0.025025
Epoch [1/100], d_loss: 0.141829, g_loss: 9.634634 D real: 0.997271, D fake: 0.083747
Epoch [2/100], d_loss: 0.639691, g_loss: 4.428988 D real: 0.856066, D fake: 0.241175
Epoch [2/100], d_loss: 0.118755, g_loss: 7.113386 D real: 0.953149, D fake: 0.025845
Epoch [2/100], d_loss: 0.396909, g_loss: 3.378619 D real: 0.848622, D fake: 0.119649
Epoch [2/100], d_loss: 1.954260, g_loss: 3.063364 D real: 0.570895, D fake: 0.444296
Epoch [3/100], d_loss: 0.479052, g_loss: 5.671346 D real: 0.910109, D fake: 0.161612
Epoch [3/100], d_loss: 0.587352, g_loss: 3.901719 D real: 0.871350, D fake: 0.218704
Epoch [3/100], d_loss: 1.372334, g_loss: 1.927224 D real: 0.667801, D fake: 0.393179
Epoch [3/100], d_loss: 1.007147, g_loss: 1.814707 D real: 0.739009, D fake: 0.345750
Epoch [4/100], d_loss: 1.446238, g_loss: 3.840636 D real: 0.751515, D fake: 0.390596
Epoch [4/100], d_loss: 0.474191, g_loss: 4.678132 D real: 0.882504, D fake: 0.169220
Epoch [4/100], d_loss: 0.939801, g_loss: 4.976941 D real: 0.898149, D fake: 0.362359
Epoch [4/100], d_loss: 0.853091, g_loss: 4.553231 D real: 0.836832, D fake: 0.278928
Epoch [5/100], d_loss: 0.383075, g_loss: 3.630562 D real: 0.865621, D fake: 0.108797
Epoch [5/100], d_loss: 1.544404, g_loss: 2.065763 D real: 0.686884, D fake: 0.408895
Epoch [5/100], d_loss: 0.350658, g_loss: 3.223540 D real: 0.896889, D fake: 0.159083
Epoch [5/100], d_loss: 0.358819, g_loss: 2.799191 D real: 0.900803, D fake: 0.174853
Epoch [6/100], d_loss: 0.212944, g_loss: 3.528010 D real: 0.943998, D fake: 0.130146
Epoch [6/100], d_loss: 0.504169, g_loss: 2.315620 D real: 0.826600, D fake: 0.189075
Epoch [6/100], d_loss: 0.454026, g_loss: 2.527567 D real: 0.839787, D fake: 0.151538
Epoch [6/100], d_loss: 0.890362, g_loss: 0.970331 D real: 0.694593, D fake: 0.142097
Epoch [7/100], d_loss: 0.476946, g_loss: 3.223138 D real: 0.835626, D fake: 0.103162
Epoch [7/100], d_loss: 0.996534, g_loss: 1.815686 D real: 0.689310, D fake: 0.210255
Epoch [7/100], d_loss: 0.563011, g_loss: 3.214628 D real: 0.910987, D fake: 0.274073
Epoch [7/100], d_loss: 0.467923, g_loss: 4.307175 D real: 0.844032, D fake: 0.067654
Epoch [8/100], d_loss: 0.178303, g_loss: 6.423862 D real: 0.939394, D fake: 0.052912
Epoch [8/100], d_loss: 0.237820, g_loss: 5.125309 D real: 0.942687, D fake: 0.111140
Epoch [8/100], d_loss: 0.664512, g_loss: 4.893162 D real: 0.843864, D fake: 0.170039
Epoch [8/100], d_loss: 0.527550, g_loss: 3.587031 D real: 0.830076, D fake: 0.129199
Epoch [9/100], d_loss: 0.481844, g_loss: 4.458073 D real: 0.864795, D fake: 0.118982
Epoch [9/100], d_loss: 0.796834, g_loss: 2.961730 D real: 0.870449, D fake: 0.324527
Epoch [9/100], d_loss: 0.315324, g_loss: 4.294359 D real: 0.906452, D fake: 0.061073
Epoch [9/100], d_loss: 0.422909, g_loss: 4.262772 D real: 0.866285, D fake: 0.139686
Epoch [10/100], d_loss: 0.298361, g_loss: 2.646577 D real: 0.883522, D fake: 0.094925
Epoch [10/100], d_loss: 0.215090, g_loss: 4.478167 D real: 0.934753, D fake: 0.052953
Epoch [10/100], d_loss: 0.614417, g_loss: 2.454651 D real: 0.835415, D fake: 0.165024
Epoch [10/100], d_loss: 0.511130, g_loss: 2.258946 D real: 0.848198, D fake: 0.126397
Epoch [11/100], d_loss: 0.422024, g_loss: 3.626018 D real: 0.885041, D fake: 0.098854
Epoch [11/100], d_loss: 0.683066, g_loss: 3.910064 D real: 0.833760, D fake: 0.228066
Epoch [11/100], d_loss: 0.394846, g_loss: 4.349696 D real: 0.873871, D fake: 0.076052
Epoch [11/100], d_loss: 0.423624, g_loss: 4.335006 D real: 0.845992, D fake: 0.063990
Epoch [12/100], d_loss: 0.557732, g_loss: 3.652763 D real: 0.839242, D fake: 0.128033
Epoch [12/100], d_loss: 0.712480, g_loss: 3.450136 D real: 0.847758, D fake: 0.245229
Epoch [12/100], d_loss: 0.264264, g_loss: 3.761092 D real: 0.896156, D fake: 0.077527
Epoch [12/100], d_loss: 0.455474, g_loss: 3.232388 D real: 0.872502, D fake: 0.176186
Epoch [13/100], d_loss: 0.275725, g_loss: 3.488069 D real: 0.879464, D fake: 0.067754
Epoch [13/100], d_loss: 0.236775, g_loss: 4.154150 D real: 0.896157, D fake: 0.029297
Epoch [13/100], d_loss: 0.449222, g_loss: 3.362411 D real: 0.895277, D fake: 0.124213
Epoch [13/100], d_loss: 0.558033, g_loss: 3.147952 D real: 0.842144, D fake: 0.155224
Epoch [14/100], d_loss: 0.142648, g_loss: 5.273423 D real: 0.936216, D fake: 0.044364
Epoch [14/100], d_loss: 0.316475, g_loss: 3.387223 D real: 0.921503, D fake: 0.115244
Epoch [14/100], d_loss: 0.189027, g_loss: 3.664689 D real: 0.936499, D fake: 0.071567
Epoch [14/100], d_loss: 0.274614, g_loss: 3.083361 D real: 0.916568, D fake: 0.116898
Epoch [15/100], d_loss: 0.162235, g_loss: 4.560057 D real: 0.935238, D fake: 0.049175
Epoch [15/100], d_loss: 0.199298, g_loss: 3.968155 D real: 0.910176, D fake: 0.055217
Epoch [15/100], d_loss: 0.403891, g_loss: 3.690636 D real: 0.929234, D fake: 0.203449
Epoch [15/100], d_loss: 0.464344, g_loss: 2.839117 D real: 0.907918, D fake: 0.203633
Epoch [16/100], d_loss: 0.277352, g_loss: 5.427262 D real: 0.911991, D fake: 0.085448
Epoch [16/100], d_loss: 0.273050, g_loss: 4.721275 D real: 0.908114, D fake: 0.078245
Epoch [16/100], d_loss: 0.320466, g_loss: 5.087877 D real: 0.905286, D fake: 0.075230
Epoch [16/100], d_loss: 0.415940, g_loss: 4.685864 D real: 0.906667, D fake: 0.152491
Epoch [17/100], d_loss: 0.695740, g_loss: 4.392099 D real: 0.861296, D fake: 0.219720
Epoch [17/100], d_loss: 0.656922, g_loss: 2.057562 D real: 0.848063, D fake: 0.196811
Epoch [17/100], d_loss: 0.316584, g_loss: 4.263439 D real: 0.888479, D fake: 0.060936
Epoch [17/100], d_loss: 0.159262, g_loss: 4.293543 D real: 0.956589, D fake: 0.066886
Epoch [18/100], d_loss: 0.222285, g_loss: 3.688604 D real: 0.924386, D fake: 0.056952
Epoch [18/100], d_loss: 0.340943, g_loss: 4.411227 D real: 0.865792, D fake: 0.052298
Epoch [18/100], d_loss: 0.523667, g_loss: 3.670302 D real: 0.851666, D fake: 0.059097
Epoch [18/100], d_loss: 0.340969, g_loss: 5.019561 D real: 0.895968, D fake: 0.086846
Epoch [19/100], d_loss: 0.256452, g_loss: 4.228382 D real: 0.935739, D fake: 0.093996
Epoch [19/100], d_loss: 0.390030, g_loss: 4.050322 D real: 0.932486, D fake: 0.155290
Epoch [19/100], d_loss: 0.400860, g_loss: 3.857152 D real: 0.872669, D fake: 0.047500
Epoch [19/100], d_loss: 0.311146, g_loss: 3.856741 D real: 0.867225, D fake: 0.074288
Epoch [20/100], d_loss: 0.317784, g_loss: 3.767531 D real: 0.887749, D fake: 0.081454
Epoch [20/100], d_loss: 0.492977, g_loss: 2.749975 D real: 0.886877, D fake: 0.161708
Epoch [20/100], d_loss: 0.315426, g_loss: 5.310493 D real: 0.950326, D fake: 0.140940
Epoch [20/100], d_loss: 0.399293, g_loss: 4.249153 D real: 0.873530, D fake: 0.091744
Epoch [21/100], d_loss: 0.215900, g_loss: 3.760047 D real: 0.959536, D fake: 0.114910
Epoch [21/100], d_loss: 0.272261, g_loss: 4.517586 D real: 0.887092, D fake: 0.079549
Epoch [21/100], d_loss: 0.357248, g_loss: 3.293880 D real: 0.908757, D fake: 0.124714
Epoch [21/100], d_loss: 0.631613, g_loss: 4.844110 D real: 0.931511, D fake: 0.257729
Epoch [22/100], d_loss: 0.546022, g_loss: 4.855270 D real: 0.848934, D fake: 0.086224
Epoch [22/100], d_loss: 0.339294, g_loss: 3.536371 D real: 0.888910, D fake: 0.090962
Epoch [22/100], d_loss: 0.508734, g_loss: 3.507274 D real: 0.887948, D fake: 0.176379
Epoch [22/100], d_loss: 0.557640, g_loss: 4.190423 D real: 0.862931, D fake: 0.162807
Epoch [23/100], d_loss: 0.229469, g_loss: 4.121491 D real: 0.898152, D fake: 0.037618
Epoch [23/100], d_loss: 0.385383, g_loss: 3.752866 D real: 0.860400, D fake: 0.073782
Epoch [23/100], d_loss: 0.216384, g_loss: 4.150225 D real: 0.936419, D fake: 0.088668
Epoch [23/100], d_loss: 0.347003, g_loss: 4.313006 D real: 0.890676, D fake: 0.092244
Epoch [24/100], d_loss: 0.424998, g_loss: 3.198017 D real: 0.933579, D fake: 0.214286
Epoch [24/100], d_loss: 0.308048, g_loss: 3.573608 D real: 0.910130, D fake: 0.111455
Epoch [24/100], d_loss: 0.168916, g_loss: 3.323049 D real: 0.962183, D fake: 0.084714
Epoch [24/100], d_loss: 0.298153, g_loss: 3.198613 D real: 0.890661, D fake: 0.068248
Epoch [25/100], d_loss: 0.419545, g_loss: 3.176342 D real: 0.883623, D fake: 0.090314
Epoch [25/100], d_loss: 0.409608, g_loss: 4.300229 D real: 0.879973, D fake: 0.103652
Epoch [25/100], d_loss: 0.203977, g_loss: 4.037907 D real: 0.933720, D fake: 0.067310
Epoch [25/100], d_loss: 0.320682, g_loss: 4.905356 D real: 0.915467, D fake: 0.088164
Epoch [26/100], d_loss: 0.515842, g_loss: 3.148296 D real: 0.881319, D fake: 0.190070
Epoch [26/100], d_loss: 0.494651, g_loss: 4.830390 D real: 0.802707, D fake: 0.066807
Epoch [26/100], d_loss: 0.464848, g_loss: 4.077901 D real: 0.822850, D fake: 0.072187
Epoch [26/100], d_loss: 0.593821, g_loss: 3.929086 D real: 0.847935, D fake: 0.198132
Epoch [27/100], d_loss: 0.340105, g_loss: 3.609148 D real: 0.865939, D fake: 0.061820
Epoch [27/100], d_loss: 0.405712, g_loss: 3.321670 D real: 0.900079, D fake: 0.148822
Epoch [27/100], d_loss: 0.296877, g_loss: 3.971271 D real: 0.900846, D fake: 0.053352
Epoch [27/100], d_loss: 0.258873, g_loss: 3.940656 D real: 0.933600, D fake: 0.080583
Epoch [28/100], d_loss: 0.457223, g_loss: 3.737802 D real: 0.861670, D fake: 0.107143
Epoch [28/100], d_loss: 0.344306, g_loss: 4.276075 D real: 0.889951, D fake: 0.070135
Epoch [28/100], d_loss: 0.498073, g_loss: 3.688896 D real: 0.842681, D fake: 0.141942
Epoch [28/100], d_loss: 0.367588, g_loss: 5.235107 D real: 0.887201, D fake: 0.065067
Epoch [29/100], d_loss: 0.572127, g_loss: 3.582318 D real: 0.799594, D fake: 0.076484
Epoch [29/100], d_loss: 0.317298, g_loss: 4.483600 D real: 0.885076, D fake: 0.073424
Epoch [29/100], d_loss: 0.477176, g_loss: 2.544349 D real: 0.917967, D fake: 0.217700
Epoch [29/100], d_loss: 0.292273, g_loss: 3.304178 D real: 0.933351, D fake: 0.130657
Epoch [30/100], d_loss: 0.464210, g_loss: 4.229014 D real: 0.928024, D fake: 0.193714
Epoch [30/100], d_loss: 0.327894, g_loss: 3.747213 D real: 0.935999, D fake: 0.133555
Epoch [30/100], d_loss: 0.554584, g_loss: 2.924091 D real: 0.797979, D fake: 0.060869
Epoch [30/100], d_loss: 0.318463, g_loss: 5.044805 D real: 0.886407, D fake: 0.046686
Epoch [31/100], d_loss: 0.395727, g_loss: 4.210677 D real: 0.881331, D fake: 0.096805
Epoch [31/100], d_loss: 0.425951, g_loss: 3.397127 D real: 0.918465, D fake: 0.194078
Epoch [31/100], d_loss: 0.347837, g_loss: 3.309390 D real: 0.894837, D fake: 0.121703
Epoch [31/100], d_loss: 0.400773, g_loss: 4.232114 D real: 0.850706, D fake: 0.053723
Epoch [32/100], d_loss: 0.237950, g_loss: 3.749912 D real: 0.899680, D fake: 0.055656
Epoch [32/100], d_loss: 0.647046, g_loss: 3.352730 D real: 0.864619, D fake: 0.218493
Epoch [32/100], d_loss: 0.455094, g_loss: 3.323320 D real: 0.895459, D fake: 0.153445
Epoch [32/100], d_loss: 0.323187, g_loss: 3.392060 D real: 0.899477, D fake: 0.104819
Epoch [33/100], d_loss: 0.319312, g_loss: 4.125782 D real: 0.946296, D fake: 0.171740
Epoch [33/100], d_loss: 0.695036, g_loss: 2.551835 D real: 0.775253, D fake: 0.115240
Epoch [33/100], d_loss: 0.377643, g_loss: 2.484409 D real: 0.881558, D fake: 0.120597
Epoch [33/100], d_loss: 0.391816, g_loss: 3.216799 D real: 0.876476, D fake: 0.128208
Epoch [34/100], d_loss: 0.459573, g_loss: 2.943593 D real: 0.861970, D fake: 0.151701
Epoch [34/100], d_loss: 0.340169, g_loss: 3.145934 D real: 0.938282, D fake: 0.186555
Epoch [34/100], d_loss: 0.303119, g_loss: 3.105793 D real: 0.925360, D fake: 0.153824
Epoch [34/100], d_loss: 0.488119, g_loss: 2.322658 D real: 0.856965, D fake: 0.139538
Epoch [35/100], d_loss: 0.276627, g_loss: 3.515532 D real: 0.930965, D fake: 0.125791
Epoch [35/100], d_loss: 0.334634, g_loss: 4.868131 D real: 0.935670, D fake: 0.137143
Epoch [35/100], d_loss: 0.418079, g_loss: 3.346238 D real: 0.909236, D fake: 0.141280
Epoch [35/100], d_loss: 0.690346, g_loss: 2.531114 D real: 0.916066, D fake: 0.315021
Epoch [36/100], d_loss: 0.338101, g_loss: 3.631957 D real: 0.877996, D fake: 0.098784
Epoch [36/100], d_loss: 0.453969, g_loss: 3.821023 D real: 0.882696, D fake: 0.128558
Epoch [36/100], d_loss: 0.528351, g_loss: 2.849825 D real: 0.799480, D fake: 0.052920
Epoch [36/100], d_loss: 0.532166, g_loss: 3.109071 D real: 0.909830, D fake: 0.220887
Epoch [37/100], d_loss: 0.572630, g_loss: 2.821826 D real: 0.861191, D fake: 0.193286
Epoch [37/100], d_loss: 0.537538, g_loss: 2.304748 D real: 0.828161, D fake: 0.137725
Epoch [37/100], d_loss: 0.295535, g_loss: 2.968530 D real: 0.906648, D fake: 0.122625
Epoch [37/100], d_loss: 0.420451, g_loss: 3.364699 D real: 0.834884, D fake: 0.106143
Epoch [38/100], d_loss: 0.363196, g_loss: 2.850002 D real: 0.900485, D fake: 0.142800
Epoch [38/100], d_loss: 0.501589, g_loss: 3.260167 D real: 0.870007, D fake: 0.188743
Epoch [38/100], d_loss: 0.423621, g_loss: 3.357593 D real: 0.863023, D fake: 0.120352
Epoch [38/100], d_loss: 0.346927, g_loss: 2.400675 D real: 0.904610, D fake: 0.156225
Epoch [39/100], d_loss: 0.448735, g_loss: 3.140818 D real: 0.844329, D fake: 0.093519
Epoch [39/100], d_loss: 0.358847, g_loss: 3.769275 D real: 0.888053, D fake: 0.137938
Epoch [39/100], d_loss: 0.590148, g_loss: 2.664139 D real: 0.846547, D fake: 0.179595
Epoch [39/100], d_loss: 0.398966, g_loss: 3.666397 D real: 0.840043, D fake: 0.060388
Epoch [40/100], d_loss: 0.508554, g_loss: 1.992593 D real: 0.830010, D fake: 0.157907
Epoch [40/100], d_loss: 0.390260, g_loss: 3.114892 D real: 0.855132, D fake: 0.100987
Epoch [40/100], d_loss: 0.583468, g_loss: 2.628069 D real: 0.804805, D fake: 0.162696
Epoch [40/100], d_loss: 0.498359, g_loss: 3.288851 D real: 0.834402, D fake: 0.142133
Epoch [41/100], d_loss: 0.326253, g_loss: 3.582109 D real: 0.919634, D fake: 0.139196
Epoch [41/100], d_loss: 0.453561, g_loss: 3.053405 D real: 0.850243, D fake: 0.105977
Epoch [41/100], d_loss: 0.424193, g_loss: 3.081993 D real: 0.874931, D fake: 0.163294
Epoch [41/100], d_loss: 0.451859, g_loss: 2.710790 D real: 0.901441, D fake: 0.171511
Epoch [42/100], d_loss: 0.467439, g_loss: 3.181974 D real: 0.859272, D fake: 0.131587
Epoch [42/100], d_loss: 0.603315, g_loss: 2.933496 D real: 0.882160, D fake: 0.237466
Epoch [42/100], d_loss: 0.498370, g_loss: 3.321807 D real: 0.788482, D fake: 0.094660
Epoch [42/100], d_loss: 0.445830, g_loss: 3.532331 D real: 0.803113, D fake: 0.027250
Epoch [43/100], d_loss: 0.453463, g_loss: 2.766593 D real: 0.831922, D fake: 0.097502
Epoch [43/100], d_loss: 0.390175, g_loss: 3.884840 D real: 0.829613, D fake: 0.049360
Epoch [43/100], d_loss: 0.427436, g_loss: 2.459545 D real: 0.919249, D fake: 0.206251
Epoch [43/100], d_loss: 0.483843, g_loss: 3.072699 D real: 0.828185, D fake: 0.140249
Epoch [44/100], d_loss: 0.693200, g_loss: 2.585385 D real: 0.853309, D fake: 0.284381
Epoch [44/100], d_loss: 0.684305, g_loss: 3.383847 D real: 0.805906, D fake: 0.137068
Epoch [44/100], d_loss: 0.663875, g_loss: 1.968532 D real: 0.816493, D fake: 0.221455
Epoch [44/100], d_loss: 0.379661, g_loss: 2.948097 D real: 0.852875, D fake: 0.105108
Epoch [45/100], d_loss: 0.456854, g_loss: 3.534353 D real: 0.843681, D fake: 0.102097
Epoch [45/100], d_loss: 0.434595, g_loss: 3.231980 D real: 0.867897, D fake: 0.129422
Epoch [45/100], d_loss: 0.520714, g_loss: 2.332630 D real: 0.894726, D fake: 0.230016
Epoch [45/100], d_loss: 0.570545, g_loss: 2.708902 D real: 0.777914, D fake: 0.088069
Epoch [46/100], d_loss: 0.818970, g_loss: 2.477984 D real: 0.724988, D fake: 0.094328
Epoch [46/100], d_loss: 0.341535, g_loss: 3.971212 D real: 0.884538, D fake: 0.100367
Epoch [46/100], d_loss: 0.637284, g_loss: 3.122001 D real: 0.782514, D fake: 0.118234
Epoch [46/100], d_loss: 0.397119, g_loss: 2.613593 D real: 0.893232, D fake: 0.146315
Epoch [47/100], d_loss: 0.652088, g_loss: 2.563088 D real: 0.775059, D fake: 0.124267
Epoch [47/100], d_loss: 0.467183, g_loss: 2.886545 D real: 0.868112, D fake: 0.199225
Epoch [47/100], d_loss: 0.543992, g_loss: 2.303972 D real: 0.858655, D fake: 0.231581
Epoch [47/100], d_loss: 0.510083, g_loss: 2.815514 D real: 0.858899, D fake: 0.209067
Epoch [48/100], d_loss: 0.501836, g_loss: 3.454395 D real: 0.855981, D fake: 0.146972
Epoch [48/100], d_loss: 0.483425, g_loss: 2.717694 D real: 0.833928, D fake: 0.126943
Epoch [48/100], d_loss: 0.629349, g_loss: 2.977833 D real: 0.839989, D fake: 0.186420
Epoch [48/100], d_loss: 0.506011, g_loss: 2.626252 D real: 0.769108, D fake: 0.074243
Epoch [49/100], d_loss: 0.368273, g_loss: 3.763191 D real: 0.885413, D fake: 0.144508
Epoch [49/100], d_loss: 0.415603, g_loss: 2.750433 D real: 0.887738, D fake: 0.149470
Epoch [49/100], d_loss: 0.593441, g_loss: 2.701151 D real: 0.867551, D fake: 0.185311
Epoch [49/100], d_loss: 0.584690, g_loss: 2.401558 D real: 0.819104, D fake: 0.136888
Epoch [50/100], d_loss: 0.434238, g_loss: 3.472010 D real: 0.838437, D fake: 0.099539
Epoch [50/100], d_loss: 0.465918, g_loss: 3.611504 D real: 0.810202, D fake: 0.075641
Epoch [50/100], d_loss: 0.560466, g_loss: 3.033538 D real: 0.860766, D fake: 0.150022
Epoch [50/100], d_loss: 0.442745, g_loss: 3.025594 D real: 0.836694, D fake: 0.116578
Epoch [51/100], d_loss: 0.505710, g_loss: 2.914462 D real: 0.873197, D fake: 0.216829
Epoch [51/100], d_loss: 0.290672, g_loss: 2.965942 D real: 0.899450, D fake: 0.106721
Epoch [51/100], d_loss: 0.496410, g_loss: 3.541340 D real: 0.842635, D fake: 0.143212
Epoch [51/100], d_loss: 0.516596, g_loss: 3.353582 D real: 0.854285, D fake: 0.182533
Epoch [52/100], d_loss: 0.412096, g_loss: 2.423114 D real: 0.852217, D fake: 0.122221
Epoch [52/100], d_loss: 0.617673, g_loss: 2.078123 D real: 0.755697, D fake: 0.143339
Epoch [52/100], d_loss: 0.502813, g_loss: 2.487778 D real: 0.858246, D fake: 0.169687
Epoch [52/100], d_loss: 0.548891, g_loss: 2.664082 D real: 0.804340, D fake: 0.135941
Epoch [53/100], d_loss: 0.602369, g_loss: 2.241782 D real: 0.866324, D fake: 0.247937
Epoch [53/100], d_loss: 0.488563, g_loss: 2.865564 D real: 0.838761, D fake: 0.165074
Epoch [53/100], d_loss: 0.660585, g_loss: 2.745690 D real: 0.754157, D fake: 0.158261
Epoch [53/100], d_loss: 0.454862, g_loss: 3.146192 D real: 0.839051, D fake: 0.136220
Epoch [54/100], d_loss: 0.559579, g_loss: 2.274598 D real: 0.869936, D fake: 0.224983
Epoch [54/100], d_loss: 0.616756, g_loss: 2.597769 D real: 0.819657, D fake: 0.189597
Epoch [54/100], d_loss: 0.696154, g_loss: 3.115254 D real: 0.851158, D fake: 0.284705
Epoch [54/100], d_loss: 0.797165, g_loss: 2.583884 D real: 0.838501, D fake: 0.300533
Epoch [55/100], d_loss: 0.863594, g_loss: 2.414968 D real: 0.727210, D fake: 0.216432
Epoch [55/100], d_loss: 0.894502, g_loss: 2.429933 D real: 0.765216, D fake: 0.215920
Epoch [55/100], d_loss: 0.577259, g_loss: 3.317560 D real: 0.824790, D fake: 0.181915
Epoch [55/100], d_loss: 0.885067, g_loss: 2.216399 D real: 0.723762, D fake: 0.179617
Epoch [56/100], d_loss: 0.602604, g_loss: 2.190175 D real: 0.818706, D fake: 0.206347
Epoch [56/100], d_loss: 0.691238, g_loss: 2.661530 D real: 0.787013, D fake: 0.210809
Epoch [56/100], d_loss: 0.369116, g_loss: 2.947383 D real: 0.876520, D fake: 0.155972
Epoch [56/100], d_loss: 0.560731, g_loss: 3.218494 D real: 0.807128, D fake: 0.147539
Epoch [57/100], d_loss: 0.549392, g_loss: 2.807297 D real: 0.826110, D fake: 0.183009
Epoch [57/100], d_loss: 0.540698, g_loss: 2.775603 D real: 0.795642, D fake: 0.127747
Epoch [57/100], d_loss: 0.573753, g_loss: 3.359509 D real: 0.819531, D fake: 0.143645
Epoch [57/100], d_loss: 0.482516, g_loss: 3.073092 D real: 0.830404, D fake: 0.144615
Epoch [58/100], d_loss: 0.344455, g_loss: 3.365260 D real: 0.883487, D fake: 0.127121
Epoch [58/100], d_loss: 0.512998, g_loss: 3.465554 D real: 0.816316, D fake: 0.145180
Epoch [58/100], d_loss: 0.378492, g_loss: 3.336087 D real: 0.907387, D fake: 0.171511
Epoch [58/100], d_loss: 0.741277, g_loss: 2.581532 D real: 0.775874, D fake: 0.172859
Epoch [59/100], d_loss: 0.825863, g_loss: 2.636538 D real: 0.806908, D fake: 0.271207
Epoch [59/100], d_loss: 0.688011, g_loss: 2.655447 D real: 0.782593, D fake: 0.169391
Epoch [59/100], d_loss: 0.677143, g_loss: 1.764717 D real: 0.859269, D fake: 0.292656
Epoch [59/100], d_loss: 0.447855, g_loss: 2.459708 D real: 0.854321, D fake: 0.157289
Epoch [60/100], d_loss: 0.687370, g_loss: 2.292816 D real: 0.803576, D fake: 0.219728
Epoch [60/100], d_loss: 0.345949, g_loss: 3.514328 D real: 0.838929, D fake: 0.070627
Epoch [60/100], d_loss: 0.569523, g_loss: 2.601669 D real: 0.811480, D fake: 0.187484
Epoch [60/100], d_loss: 0.482579, g_loss: 3.248375 D real: 0.883353, D fake: 0.192340
Epoch [61/100], d_loss: 0.901592, g_loss: 2.344347 D real: 0.742410, D fake: 0.258742
Epoch [61/100], d_loss: 0.652360, g_loss: 2.661367 D real: 0.761336, D fake: 0.147705
Epoch [61/100], d_loss: 0.700263, g_loss: 2.637748 D real: 0.764433, D fake: 0.174986
Epoch [61/100], d_loss: 0.497700, g_loss: 2.691798 D real: 0.804662, D fake: 0.114593
Epoch [62/100], d_loss: 0.661594, g_loss: 2.625817 D real: 0.783390, D fake: 0.204063
Epoch [62/100], d_loss: 0.666140, g_loss: 2.587994 D real: 0.750308, D fake: 0.146886
Epoch [62/100], d_loss: 0.570036, g_loss: 2.575730 D real: 0.838553, D fake: 0.222873
Epoch [62/100], d_loss: 0.629480, g_loss: 2.840492 D real: 0.780204, D fake: 0.119135
Epoch [63/100], d_loss: 0.696244, g_loss: 2.175204 D real: 0.815976, D fake: 0.240497
Epoch [63/100], d_loss: 0.642908, g_loss: 2.504137 D real: 0.755662, D fake: 0.164542
Epoch [63/100], d_loss: 0.652977, g_loss: 2.509183 D real: 0.790816, D fake: 0.184796
Epoch [63/100], d_loss: 0.627195, g_loss: 2.549369 D real: 0.774026, D fake: 0.120441
Epoch [64/100], d_loss: 0.508362, g_loss: 2.603514 D real: 0.814323, D fake: 0.155187
Epoch [64/100], d_loss: 0.565113, g_loss: 2.281484 D real: 0.779164, D fake: 0.148978
Epoch [64/100], d_loss: 0.734771, g_loss: 2.071753 D real: 0.790363, D fake: 0.257553
Epoch [64/100], d_loss: 0.752654, g_loss: 2.394919 D real: 0.790173, D fake: 0.254764
Epoch [65/100], d_loss: 0.662050, g_loss: 2.425850 D real: 0.809106, D fake: 0.212642
Epoch [65/100], d_loss: 0.553688, g_loss: 2.206620 D real: 0.854628, D fake: 0.226663
Epoch [65/100], d_loss: 0.542194, g_loss: 3.419994 D real: 0.824136, D fake: 0.183578
Epoch [65/100], d_loss: 0.711305, g_loss: 2.185103 D real: 0.700426, D fake: 0.125817
Epoch [66/100], d_loss: 0.471536, g_loss: 2.776451 D real: 0.831497, D fake: 0.169984
Epoch [66/100], d_loss: 0.662141, g_loss: 1.873285 D real: 0.756274, D fake: 0.181124
Epoch [66/100], d_loss: 0.605264, g_loss: 3.518800 D real: 0.784904, D fake: 0.172272
Epoch [66/100], d_loss: 0.738387, g_loss: 2.683572 D real: 0.698027, D fake: 0.137982
Epoch [67/100], d_loss: 0.560923, g_loss: 2.326961 D real: 0.867853, D fake: 0.233693
Epoch [67/100], d_loss: 0.561380, g_loss: 2.073849 D real: 0.763162, D fake: 0.136771
Epoch [67/100], d_loss: 0.803374, g_loss: 1.843007 D real: 0.719339, D fake: 0.203689
Epoch [67/100], d_loss: 0.605133, g_loss: 2.082199 D real: 0.815595, D fake: 0.224591
Epoch [68/100], d_loss: 0.475208, g_loss: 2.846449 D real: 0.817325, D fake: 0.149969
Epoch [68/100], d_loss: 0.586259, g_loss: 2.534626 D real: 0.825148, D fake: 0.200484
Epoch [68/100], d_loss: 0.825635, g_loss: 1.598619 D real: 0.762549, D fake: 0.285252
Epoch [68/100], d_loss: 0.680937, g_loss: 1.972902 D real: 0.785021, D fake: 0.215072
Epoch [69/100], d_loss: 0.692438, g_loss: 2.389835 D real: 0.754365, D fake: 0.165524
Epoch [69/100], d_loss: 0.878105, g_loss: 2.348411 D real: 0.726103, D fake: 0.203910
Epoch [69/100], d_loss: 0.718046, g_loss: 2.575463 D real: 0.789704, D fake: 0.231637
Epoch [69/100], d_loss: 0.598864, g_loss: 1.869706 D real: 0.815167, D fake: 0.214480
Epoch [70/100], d_loss: 0.540720, g_loss: 2.787817 D real: 0.836844, D fake: 0.177989
Epoch [70/100], d_loss: 0.474639, g_loss: 2.428022 D real: 0.825555, D fake: 0.145271
Epoch [70/100], d_loss: 0.619657, g_loss: 2.932104 D real: 0.782204, D fake: 0.138850
Epoch [70/100], d_loss: 0.603040, g_loss: 2.295945 D real: 0.825969, D fake: 0.219673
Epoch [71/100], d_loss: 0.747817, g_loss: 2.176983 D real: 0.803574, D fake: 0.281880
Epoch [71/100], d_loss: 0.659706, g_loss: 2.438977 D real: 0.776646, D fake: 0.181471
Epoch [71/100], d_loss: 0.804807, g_loss: 2.525545 D real: 0.835014, D fake: 0.310106
Epoch [71/100], d_loss: 0.615734, g_loss: 2.126864 D real: 0.794600, D fake: 0.204532
Epoch [72/100], d_loss: 0.500637, g_loss: 2.885396 D real: 0.864377, D fake: 0.197895
Epoch [72/100], d_loss: 0.715324, g_loss: 2.611155 D real: 0.771086, D fake: 0.176784
Epoch [72/100], d_loss: 0.623823, g_loss: 2.197367 D real: 0.842351, D fake: 0.274705
Epoch [72/100], d_loss: 0.850603, g_loss: 2.163273 D real: 0.706575, D fake: 0.194180
Epoch [73/100], d_loss: 0.834789, g_loss: 2.797387 D real: 0.737183, D fake: 0.250171
Epoch [73/100], d_loss: 0.638165, g_loss: 1.986810 D real: 0.828458, D fake: 0.259892
Epoch [73/100], d_loss: 0.652407, g_loss: 2.756850 D real: 0.764424, D fake: 0.157858
Epoch [73/100], d_loss: 0.618956, g_loss: 2.681660 D real: 0.858295, D fake: 0.244623
Epoch [74/100], d_loss: 0.806799, g_loss: 1.763116 D real: 0.763135, D fake: 0.286348
Epoch [74/100], d_loss: 0.853252, g_loss: 2.626997 D real: 0.672897, D fake: 0.162561
Epoch [74/100], d_loss: 0.756336, g_loss: 2.158398 D real: 0.715966, D fake: 0.203934
Epoch [74/100], d_loss: 0.611900, g_loss: 2.088161 D real: 0.774772, D fake: 0.205008
Epoch [75/100], d_loss: 0.642431, g_loss: 2.203291 D real: 0.803004, D fake: 0.236965
Epoch [75/100], d_loss: 0.688347, g_loss: 2.242747 D real: 0.840100, D fake: 0.262844
Epoch [75/100], d_loss: 0.966674, g_loss: 1.892065 D real: 0.762064, D fake: 0.339638
Epoch [75/100], d_loss: 0.536753, g_loss: 2.612817 D real: 0.822799, D fake: 0.172068
Epoch [76/100], d_loss: 0.608730, g_loss: 2.451829 D real: 0.764057, D fake: 0.166663
Epoch [76/100], d_loss: 0.591722, g_loss: 2.798686 D real: 0.768916, D fake: 0.146275
Epoch [76/100], d_loss: 0.876422, g_loss: 2.159260 D real: 0.821221, D fake: 0.342123
Epoch [76/100], d_loss: 0.770708, g_loss: 2.350669 D real: 0.744429, D fake: 0.203874
Epoch [77/100], d_loss: 0.716305, g_loss: 2.317131 D real: 0.761584, D fake: 0.188842
Epoch [77/100], d_loss: 0.642435, g_loss: 1.967461 D real: 0.810637, D fake: 0.238458
Epoch [77/100], d_loss: 0.727529, g_loss: 2.062723 D real: 0.798078, D fake: 0.267455
Epoch [77/100], d_loss: 0.624523, g_loss: 2.008841 D real: 0.785251, D fake: 0.194954
Epoch [78/100], d_loss: 0.875286, g_loss: 2.305505 D real: 0.693954, D fake: 0.187170
Epoch [78/100], d_loss: 0.495261, g_loss: 2.178277 D real: 0.898307, D fake: 0.228849
Epoch [78/100], d_loss: 0.750830, g_loss: 2.070051 D real: 0.752521, D fake: 0.229917
Epoch [78/100], d_loss: 0.792325, g_loss: 2.585807 D real: 0.734038, D fake: 0.197886
Epoch [79/100], d_loss: 0.541566, g_loss: 2.231055 D real: 0.846401, D fake: 0.236197
Epoch [79/100], d_loss: 0.768561, g_loss: 1.739492 D real: 0.802773, D fake: 0.278491
Epoch [79/100], d_loss: 0.887991, g_loss: 1.995550 D real: 0.699897, D fake: 0.246100
Epoch [79/100], d_loss: 0.523902, g_loss: 2.302824 D real: 0.787285, D fake: 0.161737
Epoch [80/100], d_loss: 0.748951, g_loss: 1.965362 D real: 0.751765, D fake: 0.233929
Epoch [80/100], d_loss: 0.970113, g_loss: 2.025198 D real: 0.680528, D fake: 0.211667
Epoch [80/100], d_loss: 0.663143, g_loss: 2.565807 D real: 0.781249, D fake: 0.199807
Epoch [80/100], d_loss: 0.550741, g_loss: 2.018945 D real: 0.766382, D fake: 0.140037
Epoch [81/100], d_loss: 0.893204, g_loss: 1.617027 D real: 0.690009, D fake: 0.247969
Epoch [81/100], d_loss: 0.807228, g_loss: 1.524240 D real: 0.786720, D fake: 0.292778
Epoch [81/100], d_loss: 0.612055, g_loss: 1.860228 D real: 0.810601, D fake: 0.236146
Epoch [81/100], d_loss: 0.588535, g_loss: 2.062276 D real: 0.821094, D fake: 0.230749
Epoch [82/100], d_loss: 0.813397, g_loss: 2.087780 D real: 0.813274, D fake: 0.327740
Epoch [82/100], d_loss: 0.621929, g_loss: 2.867342 D real: 0.806984, D fake: 0.211447
Epoch [82/100], d_loss: 0.733451, g_loss: 1.999137 D real: 0.730703, D fake: 0.182294
Epoch [82/100], d_loss: 0.952891, g_loss: 1.710279 D real: 0.765595, D fake: 0.331011
Epoch [83/100], d_loss: 0.988276, g_loss: 1.762390 D real: 0.665893, D fake: 0.214824
Epoch [83/100], d_loss: 0.701407, g_loss: 1.910191 D real: 0.762439, D fake: 0.194088
Epoch [83/100], d_loss: 0.763844, g_loss: 2.756755 D real: 0.744463, D fake: 0.221942
Epoch [83/100], d_loss: 0.755889, g_loss: 1.716653 D real: 0.794747, D fake: 0.269721
Epoch [84/100], d_loss: 0.819718, g_loss: 2.308882 D real: 0.687045, D fake: 0.153590
Epoch [84/100], d_loss: 0.651924, g_loss: 2.266348 D real: 0.769737, D fake: 0.187749
Epoch [84/100], d_loss: 0.979318, g_loss: 1.679430 D real: 0.765303, D fake: 0.354453
Epoch [84/100], d_loss: 0.643251, g_loss: 2.118298 D real: 0.876570, D fake: 0.291745
Epoch [85/100], d_loss: 0.716488, g_loss: 2.268075 D real: 0.731409, D fake: 0.189205
Epoch [85/100], d_loss: 0.750690, g_loss: 2.337948 D real: 0.788960, D fake: 0.242059
Epoch [85/100], d_loss: 0.889920, g_loss: 2.036427 D real: 0.674185, D fake: 0.177098
Epoch [85/100], d_loss: 0.661709, g_loss: 1.867966 D real: 0.849933, D fake: 0.296647
Epoch [86/100], d_loss: 0.583336, g_loss: 2.256794 D real: 0.801541, D fake: 0.204028
Epoch [86/100], d_loss: 0.772356, g_loss: 1.889870 D real: 0.844190, D fake: 0.307332
Epoch [86/100], d_loss: 0.679774, g_loss: 1.708929 D real: 0.768555, D fake: 0.196268
Epoch [86/100], d_loss: 0.780077, g_loss: 1.694345 D real: 0.731036, D fake: 0.238513
Epoch [87/100], d_loss: 0.839112, g_loss: 1.983554 D real: 0.792534, D fake: 0.308031
Epoch [87/100], d_loss: 0.756442, g_loss: 2.004812 D real: 0.688327, D fake: 0.159928
Epoch [87/100], d_loss: 0.771331, g_loss: 1.870901 D real: 0.781006, D fake: 0.244011
Epoch [87/100], d_loss: 0.849748, g_loss: 2.993398 D real: 0.688877, D fake: 0.146061
Epoch [88/100], d_loss: 0.695398, g_loss: 1.686767 D real: 0.774656, D fake: 0.243373
Epoch [88/100], d_loss: 0.893406, g_loss: 1.758030 D real: 0.747740, D fake: 0.297326
Epoch [88/100], d_loss: 0.772514, g_loss: 2.084750 D real: 0.825419, D fake: 0.285082
Epoch [88/100], d_loss: 0.871699, g_loss: 1.937464 D real: 0.720816, D fake: 0.268949
Epoch [89/100], d_loss: 0.822296, g_loss: 2.030876 D real: 0.698006, D fake: 0.200760
Epoch [89/100], d_loss: 0.711624, g_loss: 1.779182 D real: 0.808833, D fake: 0.242577
Epoch [89/100], d_loss: 0.559757, g_loss: 2.185231 D real: 0.821967, D fake: 0.214463
Epoch [89/100], d_loss: 0.769380, g_loss: 1.768058 D real: 0.799108, D fake: 0.310895
Epoch [90/100], d_loss: 0.822258, g_loss: 1.785960 D real: 0.756704, D fake: 0.267227
Epoch [90/100], d_loss: 0.725230, g_loss: 2.016122 D real: 0.703652, D fake: 0.187953
Epoch [90/100], d_loss: 0.851056, g_loss: 1.663450 D real: 0.761491, D fake: 0.295166
Epoch [90/100], d_loss: 0.734591, g_loss: 2.302661 D real: 0.811434, D fake: 0.271448
Epoch [91/100], d_loss: 0.882803, g_loss: 1.843486 D real: 0.742025, D fake: 0.302753
Epoch [91/100], d_loss: 0.848067, g_loss: 1.942510 D real: 0.722056, D fake: 0.222620
Epoch [91/100], d_loss: 0.669455, g_loss: 2.808172 D real: 0.808071, D fake: 0.258845
Epoch [91/100], d_loss: 0.738642, g_loss: 1.848455 D real: 0.770030, D fake: 0.287682
Epoch [92/100], d_loss: 0.842368, g_loss: 1.558127 D real: 0.740959, D fake: 0.280671
Epoch [92/100], d_loss: 0.669613, g_loss: 2.162789 D real: 0.731331, D fake: 0.168402
Epoch [92/100], d_loss: 0.796660, g_loss: 2.212541 D real: 0.788416, D fake: 0.263160
Epoch [92/100], d_loss: 0.639905, g_loss: 2.844991 D real: 0.765896, D fake: 0.197927
Epoch [93/100], d_loss: 0.502111, g_loss: 2.144991 D real: 0.821802, D fake: 0.195254
Epoch [93/100], d_loss: 0.783269, g_loss: 2.209123 D real: 0.681921, D fake: 0.156875
Epoch [93/100], d_loss: 0.862244, g_loss: 2.310708 D real: 0.695008, D fake: 0.216988
Epoch [93/100], d_loss: 0.611095, g_loss: 2.043320 D real: 0.771162, D fake: 0.173998
Epoch [94/100], d_loss: 0.965140, g_loss: 1.653851 D real: 0.723203, D fake: 0.305547
Epoch [94/100], d_loss: 0.586076, g_loss: 2.281230 D real: 0.834455, D fake: 0.240295
Epoch [94/100], d_loss: 0.738089, g_loss: 2.095835 D real: 0.784332, D fake: 0.270883
Epoch [94/100], d_loss: 1.105582, g_loss: 1.711621 D real: 0.753929, D fake: 0.404356
Epoch [95/100], d_loss: 0.703899, g_loss: 2.592013 D real: 0.765182, D fake: 0.213083
Epoch [95/100], d_loss: 0.802800, g_loss: 2.238007 D real: 0.769465, D fake: 0.276569
Epoch [95/100], d_loss: 1.098391, g_loss: 2.001737 D real: 0.671760, D fake: 0.270156
Epoch [95/100], d_loss: 0.852572, g_loss: 2.054507 D real: 0.713708, D fake: 0.259910
Epoch [96/100], d_loss: 0.850198, g_loss: 1.889019 D real: 0.779008, D fake: 0.305146
Epoch [96/100], d_loss: 0.746125, g_loss: 2.046478 D real: 0.771309, D fake: 0.253498
Epoch [96/100], d_loss: 0.737677, g_loss: 1.640078 D real: 0.743770, D fake: 0.242244
Epoch [96/100], d_loss: 0.784845, g_loss: 2.552998 D real: 0.764335, D fake: 0.263033
Epoch [97/100], d_loss: 1.053173, g_loss: 1.326491 D real: 0.711291, D fake: 0.348573
Epoch [97/100], d_loss: 0.672435, g_loss: 2.554081 D real: 0.765108, D fake: 0.207831
Epoch [97/100], d_loss: 1.007870, g_loss: 1.991940 D real: 0.626818, D fake: 0.230231
Epoch [97/100], d_loss: 0.641798, g_loss: 1.827590 D real: 0.763089, D fake: 0.203602
Epoch [98/100], d_loss: 0.820833, g_loss: 1.745950 D real: 0.750056, D fake: 0.286069
Epoch [98/100], d_loss: 0.758850, g_loss: 2.143015 D real: 0.724604, D fake: 0.243402
Epoch [98/100], d_loss: 0.781345, g_loss: 2.208433 D real: 0.732165, D fake: 0.230943
Epoch [98/100], d_loss: 0.656576, g_loss: 2.189956 D real: 0.796464, D fake: 0.247361
Epoch [99/100], d_loss: 0.771565, g_loss: 1.954116 D real: 0.758960, D fake: 0.257336
Epoch [99/100], d_loss: 0.786105, g_loss: 1.582596 D real: 0.774508, D fake: 0.274301
Epoch [99/100], d_loss: 0.730195, g_loss: 2.474303 D real: 0.703303, D fake: 0.137174
Epoch [99/100], d_loss: 0.809266, g_loss: 1.906462 D real: 0.716396, D fake: 0.225597
